Model loaded in 0.2486886978149414 seconds
data num: 1000000
Encoded trajectory loaded, time: 81.11007499694824
data num: 1000
Encoded trajectory loaded, time: 0.12673735618591309
Data loaded in 81.33220791816711 seconds
start training from iteration 0
Iteration 500       |  Loss: 3.62686157  |  Test Loss: 3.65740585  |  Test Acc: 22.90%   |  Error Rate: 99.70%   |  Real True Rate: 0.00%    |  Fake True Rate: 0.00%    |  Length Rate Avg: 0.00%    |  Length 110% rate: 0.00%    |
Iteration 1000      |  Loss: 3.11395359  |  Test Loss: 3.10129857  |  Test Acc: 26.87%   |  Error Rate: 99.80%   |  Real True Rate: 0.10%    |  Fake True Rate: 0.00%    |  Length Rate Avg: 112.50%  |  Length 110% rate: 50.00%   |
Iteration 1500      |  Loss: 1.91293979  |  Test Loss: 1.88643169  |  Test Acc: 32.09%   |  Error Rate: 99.80%   |  Real True Rate: 0.00%    |  Fake True Rate: 0.00%    |  Length Rate Avg: 122.77%  |  Length 110% rate: 50.00%   |
Iteration 2000      |  Loss: 1.82819450  |  Test Loss: 1.84945631  |  Test Acc: 32.61%   |  Error Rate: 99.50%   |  Real True Rate: 0.20%    |  Fake True Rate: 0.00%    |  Length Rate Avg: 124.25%  |  Length 110% rate: 40.00%   |
Iteration 2500      |  Loss: 1.65903103  |  Test Loss: 1.53346717  |  Test Acc: 43.28%   |  Error Rate: 96.90%   |  Real True Rate: 1.50%    |  Fake True Rate: 0.00%    |  Length Rate Avg: 115.79%  |  Length 110% rate: 61.29%   |
Iteration 3000      |  Loss: 0.92068374  |  Test Loss: 0.93505168  |  Test Acc: 62.41%   |  Error Rate: 39.60%   |  Real True Rate: 17.20%   |  Fake True Rate: 0.00%    |  Length Rate Avg: 118.99%  |  Length 110% rate: 40.56%   |
Iteration 3500      |  Loss: 0.86025828  |  Test Loss: 0.88433379  |  Test Acc: 63.90%   |  Error Rate: 28.00%   |  Real True Rate: 19.90%   |  Fake True Rate: 0.00%    |  Length Rate Avg: 118.64%  |  Length 110% rate: 39.03%   |
Iteration 4000      |  Loss: 0.92504483  |  Test Loss: 0.89304501  |  Test Acc: 63.38%   |  Error Rate: 28.40%   |  Real True Rate: 20.20%   |  Fake True Rate: 0.00%    |  Length Rate Avg: 118.59%  |  Length 110% rate: 38.97%   |
Iteration 4500      |  Loss: 0.82482648  |  Test Loss: 0.82696664  |  Test Acc: 64.81%   |  Error Rate: 21.00%   |  Real True Rate: 21.80%   |  Fake True Rate: 0.00%    |  Length Rate Avg: 118.56%  |  Length 110% rate: 39.75%   |
Iteration 5000      |  Loss: 0.78491706  |  Test Loss: 0.80842650  |  Test Acc: 65.00%   |  Error Rate: 16.10%   |  Real True Rate: 23.00%   |  Fake True Rate: 0.00%    |  Length Rate Avg: 117.40%  |  Length 110% rate: 40.76%   |
Iteration 5500      |  Loss: 0.77469301  |  Test Loss: 0.80201375  |  Test Acc: 65.21%   |  Error Rate: 15.40%   |  Real True Rate: 23.00%   |  Fake True Rate: 0.00%    |  Length Rate Avg: 118.01%  |  Length 110% rate: 38.18%   |
Iteration 6000      |  Loss: 0.81541318  |  Test Loss: 0.80120426  |  Test Acc: 64.98%   |  Error Rate: 20.60%   |  Real True Rate: 23.60%   |  Fake True Rate: 0.00%    |  Length Rate Avg: 116.86%  |  Length 110% rate: 43.58%   |
Iteration 6500      |  Loss: 0.76422393  |  Test Loss: 0.79468459  |  Test Acc: 65.38%   |  Error Rate: 12.70%   |  Real True Rate: 23.00%   |  Fake True Rate: 0.00%    |  Length Rate Avg: 117.86%  |  Length 110% rate: 40.55%   |
Iteration 7000      |  Loss: 0.80234438  |  Test Loss: 0.78346992  |  Test Acc: 65.78%   |  Error Rate: 16.50%   |  Real True Rate: 25.10%   |  Fake True Rate: 0.00%    |  Length Rate Avg: 117.04%  |  Length 110% rate: 41.80%   |
Iteration 7500      |  Loss: 0.80891991  |  Test Loss: 0.79606599  |  Test Acc: 65.57%   |  Error Rate: 11.90%   |  Real True Rate: 24.60%   |  Fake True Rate: 0.00%    |  Length Rate Avg: 117.62%  |  Length 110% rate: 40.18%   |
Iteration 8000      |  Loss: 0.75215054  |  Test Loss: 0.78796256  |  Test Acc: 64.96%   |  Error Rate: 13.20%   |  Real True Rate: 24.90%   |  Fake True Rate: 0.00%    |  Length Rate Avg: 117.79%  |  Length 110% rate: 41.13%   |
Iteration 8500      |  Loss: 0.81156576  |  Test Loss: 0.79417956  |  Test Acc: 65.13%   |  Error Rate: 9.70%    |  Real True Rate: 23.90%   |  Fake True Rate: 0.00%    |  Length Rate Avg: 118.50%  |  Length 110% rate: 38.76%   |
Iteration 9000      |  Loss: 0.82394332  |  Test Loss: 0.78580260  |  Test Acc: 65.15%   |  Error Rate: 11.90%   |  Real True Rate: 24.60%   |  Fake True Rate: 0.00%    |  Length Rate Avg: 118.02%  |  Length 110% rate: 39.84%   |
Iteration 9500      |  Loss: 0.75086051  |  Test Loss: 0.78272277  |  Test Acc: 65.15%   |  Error Rate: 12.90%   |  Real True Rate: 24.60%   |  Fake True Rate: 0.00%    |  Length Rate Avg: 117.81%  |  Length 110% rate: 39.84%   |
Iteration 10000     |  Loss: 0.78320539  |  Test Loss: 0.78339082  |  Test Acc: 65.94%   |  Error Rate: 10.00%   |  Real True Rate: 24.50%   |  Fake True Rate: 0.00%    |  Length Rate Avg: 118.13%  |  Length 110% rate: 39.67%   |
Model saved at iteration 10000
Iteration 10500     |  Loss: 0.76753473  |  Test Loss: 0.77550244  |  Test Acc: 65.55%   |  Error Rate: 10.20%   |  Real True Rate: 26.10%   |  Fake True Rate: 0.00%    |  Length Rate Avg: 118.00%  |  Length 110% rate: 38.64%   |
Iteration 11000     |  Loss: 0.80520308  |  Test Loss: 0.77638006  |  Test Acc: 65.75%   |  Error Rate: 9.70%    |  Real True Rate: 25.00%   |  Fake True Rate: 0.00%    |  Length Rate Avg: 118.03%  |  Length 110% rate: 38.21%   |
Iteration 11500     |  Loss: 0.75223249  |  Test Loss: 0.77573961  |  Test Acc: 65.51%   |  Error Rate: 8.70%    |  Real True Rate: 25.70%   |  Fake True Rate: 0.00%    |  Length Rate Avg: 117.62%  |  Length 110% rate: 39.10%   |
Iteration 12000     |  Loss: 0.77240324  |  Test Loss: 0.76914459  |  Test Acc: 66.02%   |  Error Rate: 8.30%    |  Real True Rate: 25.80%   |  Fake True Rate: 0.00%    |  Length Rate Avg: 117.91%  |  Length 110% rate: 39.26%   |
Iteration 12500     |  Loss: 0.98230147  |  Test Loss: 0.92709744  |  Test Acc: 62.86%   |  Error Rate: 29.70%   |  Real True Rate: 17.10%   |  Fake True Rate: 0.00%    |  Length Rate Avg: 119.64%  |  Length 110% rate: 37.41%   |
Iteration 13000     |  Loss: 0.81526136  |  Test Loss: 0.80173755  |  Test Acc: 65.22%   |  Error Rate: 15.10%   |  Real True Rate: 24.10%   |  Fake True Rate: 0.00%    |  Length Rate Avg: 118.01%  |  Length 110% rate: 40.28%   |
Iteration 13500     |  Loss: 0.80830425  |  Test Loss: 0.78979063  |  Test Acc: 65.07%   |  Error Rate: 10.20%   |  Real True Rate: 24.70%   |  Fake True Rate: 0.00%    |  Length Rate Avg: 118.02%  |  Length 110% rate: 39.31%   |
Iteration 14000     |  Loss: 0.79382199  |  Test Loss: 0.78087145  |  Test Acc: 65.69%   |  Error Rate: 14.60%   |  Real True Rate: 25.10%   |  Fake True Rate: 0.00%    |  Length Rate Avg: 117.38%  |  Length 110% rate: 39.93%   |
Iteration 14500     |  Loss: 0.77920890  |  Test Loss: 0.78285176  |  Test Acc: 65.34%   |  Error Rate: 11.30%   |  Real True Rate: 24.10%   |  Fake True Rate: 0.00%    |  Length Rate Avg: 117.55%  |  Length 110% rate: 40.02%   |
Iteration 15000     |  Loss: 0.77583402  |  Test Loss: 0.77777040  |  Test Acc: 65.83%   |  Error Rate: 8.10%    |  Real True Rate: 24.40%   |  Fake True Rate: 0.00%    |  Length Rate Avg: 118.15%  |  Length 110% rate: 37.54%   |
Iteration 15500     |  Loss: 0.74318045  |  Test Loss: 0.77697027  |  Test Acc: 65.27%   |  Error Rate: 11.40%   |  Real True Rate: 25.20%   |  Fake True Rate: 0.00%    |  Length Rate Avg: 118.03%  |  Length 110% rate: 40.41%   |
Iteration 16000     |  Loss: 0.80647177  |  Test Loss: 0.77382696  |  Test Acc: 66.20%   |  Error Rate: 8.30%    |  Real True Rate: 24.00%   |  Fake True Rate: 0.00%    |  Length Rate Avg: 118.47%  |  Length 110% rate: 39.04%   |
Iteration 16500     |  Loss: 0.77861190  |  Test Loss: 0.76452142  |  Test Acc: 66.31%   |  Error Rate: 6.40%    |  Real True Rate: 24.50%   |  Fake True Rate: 0.00%    |  Length Rate Avg: 117.84%  |  Length 110% rate: 38.46%   |
Iteration 17000     |  Loss: 0.77617353  |  Test Loss: 0.76954883  |  Test Acc: 65.57%   |  Error Rate: 7.60%    |  Real True Rate: 24.30%   |  Fake True Rate: 0.00%    |  Length Rate Avg: 117.76%  |  Length 110% rate: 39.61%   |
Iteration 17500     |  Loss: 0.77559108  |  Test Loss: 0.76828581  |  Test Acc: 65.84%   |  Error Rate: 8.30%    |  Real True Rate: 25.30%   |  Fake True Rate: 0.00%    |  Length Rate Avg: 118.32%  |  Length 110% rate: 38.82%   |
Iteration 18000     |  Loss: 0.79463065  |  Test Loss: 0.76701367  |  Test Acc: 65.61%   |  Error Rate: 11.00%   |  Real True Rate: 24.70%   |  Fake True Rate: 0.00%    |  Length Rate Avg: 117.52%  |  Length 110% rate: 40.11%   |
Iteration 18500     |  Loss: 0.78672743  |  Test Loss: 0.77044863  |  Test Acc: 65.47%   |  Error Rate: 9.50%    |  Real True Rate: 25.00%   |  Fake True Rate: 0.00%    |  Length Rate Avg: 118.09%  |  Length 110% rate: 39.12%   |
Iteration 19000     |  Loss: 0.75307781  |  Test Loss: 0.76380032  |  Test Acc: 66.01%   |  Error Rate: 7.90%    |  Real True Rate: 24.90%   |  Fake True Rate: 0.00%    |  Length Rate Avg: 117.91%  |  Length 110% rate: 38.87%   |
Iteration 19500     |  Loss: 0.78663266  |  Test Loss: 0.75998771  |  Test Acc: 65.70%   |  Error Rate: 10.30%   |  Real True Rate: 24.50%   |  Fake True Rate: 0.00%    |  Length Rate Avg: 117.47%  |  Length 110% rate: 40.58%   |
Iteration 20000     |  Loss: 0.79357058  |  Test Loss: 0.76869458  |  Test Acc: 65.62%   |  Error Rate: 5.30%    |  Real True Rate: 24.40%   |  Fake True Rate: 0.00%    |  Length Rate Avg: 118.43%  |  Length 110% rate: 37.70%   |
Model saved at iteration 20000
Iteration 20500     |  Loss: 0.77224112  |  Test Loss: 0.76274443  |  Test Acc: 65.66%   |  Error Rate: 9.60%    |  Real True Rate: 24.70%   |  Fake True Rate: 0.00%    |  Length Rate Avg: 117.77%  |  Length 110% rate: 39.05%   |
Iteration 21000     |  Loss: 0.79639256  |  Test Loss: 0.77100521  |  Test Acc: 65.70%   |  Error Rate: 6.40%    |  Real True Rate: 23.50%   |  Fake True Rate: 0.00%    |  Length Rate Avg: 118.18%  |  Length 110% rate: 37.29%   |
Iteration 21500     |  Loss: 0.78396660  |  Test Loss: 0.75717562  |  Test Acc: 65.59%   |  Error Rate: 10.10%   |  Real True Rate: 24.60%   |  Fake True Rate: 0.00%    |  Length Rate Avg: 117.85%  |  Length 110% rate: 39.71%   |
Iteration 22000     |  Loss: 0.74938697  |  Test Loss: 0.76800323  |  Test Acc: 65.65%   |  Error Rate: 8.90%    |  Real True Rate: 23.90%   |  Fake True Rate: 0.00%    |  Length Rate Avg: 117.98%  |  Length 110% rate: 39.19%   |
Iteration 22500     |  Loss: 0.75858217  |  Test Loss: 0.76395965  |  Test Acc: 65.27%   |  Error Rate: 6.20%    |  Real True Rate: 23.90%   |  Fake True Rate: 0.00%    |  Length Rate Avg: 118.73%  |  Length 110% rate: 38.49%   |
Iteration 23000     |  Loss: 0.75778937  |  Test Loss: 0.76459253  |  Test Acc: 65.58%   |  Error Rate: 6.20%    |  Real True Rate: 24.40%   |  Fake True Rate: 0.00%    |  Length Rate Avg: 118.41%  |  Length 110% rate: 37.10%   |
Iteration 23500     |  Loss: 0.76608115  |  Test Loss: 0.75726879  |  Test Acc: 66.16%   |  Error Rate: 6.20%    |  Real True Rate: 24.80%   |  Fake True Rate: 0.00%    |  Length Rate Avg: 118.76%  |  Length 110% rate: 37.63%   |
Iteration 24000     |  Loss: 0.71664190  |  Test Loss: 0.76781410  |  Test Acc: 65.37%   |  Error Rate: 9.30%    |  Real True Rate: 24.50%   |  Fake True Rate: 0.00%    |  Length Rate Avg: 117.72%  |  Length 110% rate: 38.92%   |
Iteration 24500     |  Loss: 0.79655594  |  Test Loss: 0.76333064  |  Test Acc: 65.93%   |  Error Rate: 6.70%    |  Real True Rate: 25.80%   |  Fake True Rate: 0.00%    |  Length Rate Avg: 118.03%  |  Length 110% rate: 39.01%   |
Iteration 25000     |  Loss: 0.77329612  |  Test Loss: 0.76496851  |  Test Acc: 65.74%   |  Error Rate: 8.90%    |  Real True Rate: 25.40%   |  Fake True Rate: 0.00%    |  Length Rate Avg: 118.06%  |  Length 110% rate: 39.96%   |
Iteration 25500     |  Loss: 0.74365717  |  Test Loss: 0.76102787  |  Test Acc: 65.69%   |  Error Rate: 6.60%    |  Real True Rate: 24.30%   |  Fake True Rate: 0.00%    |  Length Rate Avg: 119.10%  |  Length 110% rate: 36.30%   |
Iteration 26000     |  Loss: 0.78471774  |  Test Loss: 0.76581925  |  Test Acc: 65.82%   |  Error Rate: 7.20%    |  Real True Rate: 24.70%   |  Fake True Rate: 0.00%    |  Length Rate Avg: 118.54%  |  Length 110% rate: 38.15%   |
Iteration 26500     |  Loss: 0.75852501  |  Test Loss: 0.75700748  |  Test Acc: 65.42%   |  Error Rate: 6.10%    |  Real True Rate: 25.20%   |  Fake True Rate: 0.00%    |  Length Rate Avg: 118.45%  |  Length 110% rate: 37.70%   |
Iteration 27000     |  Loss: 0.78701341  |  Test Loss: 0.76216531  |  Test Acc: 65.81%   |  Error Rate: 4.80%    |  Real True Rate: 25.00%   |  Fake True Rate: 0.00%    |  Length Rate Avg: 118.35%  |  Length 110% rate: 37.61%   |
Iteration 27500     |  Loss: 0.76685381  |  Test Loss: 0.77101398  |  Test Acc: 65.05%   |  Error Rate: 6.40%    |  Real True Rate: 24.70%   |  Fake True Rate: 0.00%    |  Length Rate Avg: 118.92%  |  Length 110% rate: 36.43%   |
Iteration 28000     |  Loss: 0.76241386  |  Test Loss: 0.76613522  |  Test Acc: 65.21%   |  Error Rate: 4.80%    |  Real True Rate: 23.80%   |  Fake True Rate: 0.00%    |  Length Rate Avg: 118.71%  |  Length 110% rate: 37.50%   |
Iteration 28500     |  Loss: 0.76449180  |  Test Loss: 0.76290482  |  Test Acc: 65.11%   |  Error Rate: 5.60%    |  Real True Rate: 25.00%   |  Fake True Rate: 0.00%    |  Length Rate Avg: 118.60%  |  Length 110% rate: 38.45%   |
Iteration 29000     |  Loss: 0.74649906  |  Test Loss: 0.76277560  |  Test Acc: 65.54%   |  Error Rate: 4.20%    |  Real True Rate: 25.80%   |  Fake True Rate: 0.00%    |  Length Rate Avg: 118.46%  |  Length 110% rate: 37.27%   |
Iteration 29500     |  Loss: 0.73498434  |  Test Loss: 0.75640792  |  Test Acc: 65.85%   |  Error Rate: 4.40%    |  Real True Rate: 25.00%   |  Fake True Rate: 0.00%    |  Length Rate Avg: 118.16%  |  Length 110% rate: 38.91%   |
Iteration 30000     |  Loss: 0.75094301  |  Test Loss: 0.75863129  |  Test Acc: 65.79%   |  Error Rate: 5.60%    |  Real True Rate: 25.20%   |  Fake True Rate: 0.00%    |  Length Rate Avg: 118.21%  |  Length 110% rate: 37.50%   |
Model saved at iteration 30000
Iteration 30500     |  Loss: 0.75230926  |  Test Loss: 0.75596166  |  Test Acc: 65.97%   |  Error Rate: 3.30%    |  Real True Rate: 25.20%   |  Fake True Rate: 0.00%    |  Length Rate Avg: 118.76%  |  Length 110% rate: 36.81%   |
Iteration 31000     |  Loss: 0.79093820  |  Test Loss: 0.75226372  |  Test Acc: 66.23%   |  Error Rate: 4.00%    |  Real True Rate: 24.70%   |  Fake True Rate: 0.00%    |  Length Rate Avg: 118.44%  |  Length 110% rate: 37.71%   |
Iteration 31500     |  Loss: 0.78236961  |  Test Loss: 0.75573951  |  Test Acc: 66.00%   |  Error Rate: 5.20%    |  Real True Rate: 25.80%   |  Fake True Rate: 0.00%    |  Length Rate Avg: 117.82%  |  Length 110% rate: 39.03%   |
Iteration 32000     |  Loss: 0.79912102  |  Test Loss: 0.75483966  |  Test Acc: 65.69%   |  Error Rate: 5.20%    |  Real True Rate: 24.70%   |  Fake True Rate: 0.00%    |  Length Rate Avg: 118.28%  |  Length 110% rate: 37.45%   |
Iteration 32500     |  Loss: 0.76318067  |  Test Loss: 0.75508076  |  Test Acc: 65.85%   |  Error Rate: 3.60%    |  Real True Rate: 24.40%   |  Fake True Rate: 0.00%    |  Length Rate Avg: 118.72%  |  Length 110% rate: 36.72%   |
Iteration 33000     |  Loss: 0.76117676  |  Test Loss: 0.75987530  |  Test Acc: 65.78%   |  Error Rate: 3.90%    |  Real True Rate: 25.00%   |  Fake True Rate: 0.00%    |  Length Rate Avg: 118.48%  |  Length 110% rate: 37.57%   |
Iteration 33500     |  Loss: 0.75579280  |  Test Loss: 0.75572670  |  Test Acc: 65.85%   |  Error Rate: 4.50%    |  Real True Rate: 25.50%   |  Fake True Rate: 0.00%    |  Length Rate Avg: 118.06%  |  Length 110% rate: 38.53%   |
Iteration 34000     |  Loss: 0.75839072  |  Test Loss: 0.75860155  |  Test Acc: 65.92%   |  Error Rate: 2.70%    |  Real True Rate: 25.00%   |  Fake True Rate: 0.00%    |  Length Rate Avg: 118.32%  |  Length 110% rate: 38.03%   |
Iteration 34500     |  Loss: 0.76949924  |  Test Loss: 0.75313032  |  Test Acc: 66.17%   |  Error Rate: 3.00%    |  Real True Rate: 24.90%   |  Fake True Rate: 0.00%    |  Length Rate Avg: 118.29%  |  Length 110% rate: 38.04%   |
Iteration 35000     |  Loss: 0.77508444  |  Test Loss: 0.75528133  |  Test Acc: 66.00%   |  Error Rate: 2.90%    |  Real True Rate: 25.20%   |  Fake True Rate: 0.00%    |  Length Rate Avg: 118.72%  |  Length 110% rate: 37.38%   |
Iteration 35500     |  Loss: 0.78210646  |  Test Loss: 0.75463516  |  Test Acc: 65.84%   |  Error Rate: 1.30%    |  Real True Rate: 25.80%   |  Fake True Rate: 0.00%    |  Length Rate Avg: 118.63%  |  Length 110% rate: 37.18%   |
Iteration 36000     |  Loss: 0.75609368  |  Test Loss: 0.75485808  |  Test Acc: 65.98%   |  Error Rate: 2.50%    |  Real True Rate: 24.70%   |  Fake True Rate: 0.00%    |  Length Rate Avg: 118.53%  |  Length 110% rate: 37.44%   |
Iteration 36500     |  Loss: 0.75430101  |  Test Loss: 0.75260544  |  Test Acc: 66.35%   |  Error Rate: 1.50%    |  Real True Rate: 24.80%   |  Fake True Rate: 0.00%    |  Length Rate Avg: 118.98%  |  Length 110% rate: 36.55%   |
Iteration 37000     |  Loss: 0.74585134  |  Test Loss: 0.75520253  |  Test Acc: 66.21%   |  Error Rate: 2.60%    |  Real True Rate: 25.10%   |  Fake True Rate: 0.00%    |  Length Rate Avg: 118.36%  |  Length 110% rate: 36.76%   |
Iteration 37500     |  Loss: 0.73366654  |  Test Loss: 0.75253922  |  Test Acc: 66.39%   |  Error Rate: 2.40%    |  Real True Rate: 25.40%   |  Fake True Rate: 0.00%    |  Length Rate Avg: 118.67%  |  Length 110% rate: 38.22%   |
Iteration 38000     |  Loss: 0.76898903  |  Test Loss: 0.74962497  |  Test Acc: 66.17%   |  Error Rate: 1.40%    |  Real True Rate: 25.40%   |  Fake True Rate: 0.00%    |  Length Rate Avg: 118.61%  |  Length 110% rate: 36.71%   |
Iteration 38500     |  Loss: 0.76910257  |  Test Loss: 0.75006205  |  Test Acc: 66.23%   |  Error Rate: 1.80%    |  Real True Rate: 24.20%   |  Fake True Rate: 0.00%    |  Length Rate Avg: 118.65%  |  Length 110% rate: 36.05%   |
Iteration 39000     |  Loss: 0.74912488  |  Test Loss: 0.74745363  |  Test Acc: 66.04%   |  Error Rate: 1.80%    |  Real True Rate: 25.40%   |  Fake True Rate: 0.00%    |  Length Rate Avg: 118.53%  |  Length 110% rate: 37.78%   |
Iteration 39500     |  Loss: 0.73141408  |  Test Loss: 0.74899137  |  Test Acc: 65.99%   |  Error Rate: 1.60%    |  Real True Rate: 25.70%   |  Fake True Rate: 0.00%    |  Length Rate Avg: 118.67%  |  Length 110% rate: 37.09%   |
Iteration 40000     |  Loss: 0.77605206  |  Test Loss: 0.74816716  |  Test Acc: 66.13%   |  Error Rate: 1.40%    |  Real True Rate: 24.30%   |  Fake True Rate: 0.00%    |  Length Rate Avg: 118.88%  |  Length 110% rate: 35.90%   |
Model saved at iteration 40000
Iteration 40500     |  Loss: 0.76177788  |  Test Loss: 0.75151926  |  Test Acc: 65.99%   |  Error Rate: 1.30%    |  Real True Rate: 24.00%   |  Fake True Rate: 0.00%    |  Length Rate Avg: 119.18%  |  Length 110% rate: 35.56%   |
Iteration 41000     |  Loss: 0.77537096  |  Test Loss: 0.74884737  |  Test Acc: 66.39%   |  Error Rate: 1.20%    |  Real True Rate: 24.90%   |  Fake True Rate: 0.00%    |  Length Rate Avg: 118.54%  |  Length 110% rate: 38.46%   |
Iteration 41500     |  Loss: 0.73600131  |  Test Loss: 0.74777180  |  Test Acc: 66.29%   |  Error Rate: 1.20%    |  Real True Rate: 24.80%   |  Fake True Rate: 0.00%    |  Length Rate Avg: 119.13%  |  Length 110% rate: 35.83%   |
Iteration 42000     |  Loss: 0.76782697  |  Test Loss: 0.74982131  |  Test Acc: 66.04%   |  Error Rate: 1.90%    |  Real True Rate: 25.10%   |  Fake True Rate: 0.00%    |  Length Rate Avg: 118.80%  |  Length 110% rate: 36.60%   |
Iteration 42500     |  Loss: 0.73160863  |  Test Loss: 0.74863923  |  Test Acc: 65.96%   |  Error Rate: 1.10%    |  Real True Rate: 23.70%   |  Fake True Rate: 0.00%    |  Length Rate Avg: 119.04%  |  Length 110% rate: 35.19%   |
Iteration 43000     |  Loss: 0.79156810  |  Test Loss: 0.74491125  |  Test Acc: 66.24%   |  Error Rate: 0.80%    |  Real True Rate: 25.30%   |  Fake True Rate: 0.00%    |  Length Rate Avg: 118.59%  |  Length 110% rate: 36.39%   |
Iteration 43500     |  Loss: 0.73600316  |  Test Loss: 0.74832541  |  Test Acc: 66.22%   |  Error Rate: 1.40%    |  Real True Rate: 24.00%   |  Fake True Rate: 0.00%    |  Length Rate Avg: 118.68%  |  Length 110% rate: 36.71%   |
Iteration 44000     |  Loss: 0.74878490  |  Test Loss: 0.74427706  |  Test Acc: 66.21%   |  Error Rate: 1.20%    |  Real True Rate: 24.90%   |  Fake True Rate: 0.00%    |  Length Rate Avg: 118.77%  |  Length 110% rate: 35.73%   |
Iteration 44500     |  Loss: 0.75816727  |  Test Loss: 0.74719304  |  Test Acc: 66.38%   |  Error Rate: 1.10%    |  Real True Rate: 24.50%   |  Fake True Rate: 0.00%    |  Length Rate Avg: 118.94%  |  Length 110% rate: 36.20%   |
Iteration 45000     |  Loss: 0.75306499  |  Test Loss: 0.74487495  |  Test Acc: 66.38%   |  Error Rate: 0.40%    |  Real True Rate: 25.20%   |  Fake True Rate: 0.00%    |  Length Rate Avg: 118.59%  |  Length 110% rate: 36.14%   |
Iteration 45500     |  Loss: 0.73334342  |  Test Loss: 0.74690998  |  Test Acc: 66.38%   |  Error Rate: 0.90%    |  Real True Rate: 24.60%   |  Fake True Rate: 0.00%    |  Length Rate Avg: 118.85%  |  Length 110% rate: 35.92%   |
Iteration 46000     |  Loss: 0.79534411  |  Test Loss: 0.74417567  |  Test Acc: 66.01%   |  Error Rate: 0.90%    |  Real True Rate: 23.90%   |  Fake True Rate: 0.00%    |  Length Rate Avg: 119.22%  |  Length 110% rate: 35.32%   |
Iteration 46500     |  Loss: 0.78710091  |  Test Loss: 0.74557567  |  Test Acc: 66.05%   |  Error Rate: 0.90%    |  Real True Rate: 24.10%   |  Fake True Rate: 0.00%    |  Length Rate Avg: 118.95%  |  Length 110% rate: 35.32%   |
Iteration 47000     |  Loss: 0.71728611  |  Test Loss: 0.74357760  |  Test Acc: 66.23%   |  Error Rate: 0.60%    |  Real True Rate: 24.00%   |  Fake True Rate: 0.00%    |  Length Rate Avg: 119.06%  |  Length 110% rate: 35.61%   |
Iteration 47500     |  Loss: 0.78820866  |  Test Loss: 0.74522370  |  Test Acc: 66.18%   |  Error Rate: 0.70%    |  Real True Rate: 24.20%   |  Fake True Rate: 0.00%    |  Length Rate Avg: 119.00%  |  Length 110% rate: 35.65%   |
Iteration 48000     |  Loss: 0.75005859  |  Test Loss: 0.74345857  |  Test Acc: 66.18%   |  Error Rate: 0.60%    |  Real True Rate: 24.10%   |  Fake True Rate: 0.00%    |  Length Rate Avg: 119.10%  |  Length 110% rate: 35.51%   |
Iteration 48500     |  Loss: 0.76759619  |  Test Loss: 0.74472332  |  Test Acc: 66.24%   |  Error Rate: 0.50%    |  Real True Rate: 24.10%   |  Fake True Rate: 0.00%    |  Length Rate Avg: 119.02%  |  Length 110% rate: 35.78%   |
Iteration 49000     |  Loss: 0.75232309  |  Test Loss: 0.74406040  |  Test Acc: 66.27%   |  Error Rate: 0.60%    |  Real True Rate: 23.90%   |  Fake True Rate: 0.00%    |  Length Rate Avg: 119.11%  |  Length 110% rate: 35.11%   |
Iteration 49500     |  Loss: 0.72517091  |  Test Loss: 0.74440199  |  Test Acc: 66.33%   |  Error Rate: 0.40%    |  Real True Rate: 23.90%   |  Fake True Rate: 0.00%    |  Length Rate Avg: 119.01%  |  Length 110% rate: 35.64%   |
Iteration 50000     |  Loss: 0.75284672  |  Test Loss: 0.74431545  |  Test Acc: 66.32%   |  Error Rate: 0.40%    |  Real True Rate: 24.00%   |  Fake True Rate: 0.00%    |  Length Rate Avg: 119.02%  |  Length 110% rate: 35.64%   |
Model saved at iteration 50000
Training finished in 11.0 hours 27.0 minutes 50.823989391326904 seconds
