city                          : boston
simulation_num                : 10000000
test_simulation_num           : 1000
total_trajectories            : 1
capacity_scale                : 10
weight_quantization_scale     : None
max_connection                : 3
train_data_dir                : ./data/
test_data_dir                 : ./data_test/
use_given_data                : True
batch_size                    : 512
test_size                     : 500
path_num                      : 1
block_size                    : 52
special_mask_value            : 0.01
n_embd                        : 64
n_head                        : 16
n_layer                       : 8
dropout                       : 0.0
use_adj_table                 : True
max_iters                     : 200000
learning_rate                 : 0.1
lr_drop_rate                  : 0.5
eval_freq                     : 100
save_freq                     : 5
device                        : cuda:3
load_dir                      : ./checkpoints/
load_dir_id                   : 0
data num: 10000000
Encoded trajectory loaded, time: 140.33630657196045
data num: 1000
Encoded trajectory loaded, time: 0.020620107650756836
Data loaded in 142.63945364952087 seconds
Model loaded in 0.28031396865844727 seconds
start training from iteration 0
torch.Size([512, 1, 2]) torch.Size([0]) torch.Size([512, 1, 52]) torch.Size([512, 1, 52])
Traceback (most recent call last):
  File "/home/shenshiyu/2024-intern/people/shenshiyu/model_on_boston/train.py", line 194, in <module>
    logits, loss = model(condition, adj, trajectory, None, special_mask)
                   ^^^^^^^^^^^^^^^^^^^^^^^^^^^^^^^^^^^^^^^^^^^^^^^^^^^^^
  File "/home/shenshiyu/anaconda3/envs/traffic/lib/python3.12/site-packages/torch/nn/modules/module.py", line 1532, in _wrapped_call_impl
    return self._call_impl(*args, **kwargs)
           ^^^^^^^^^^^^^^^^^^^^^^^^^^^^^^^^
  File "/home/shenshiyu/anaconda3/envs/traffic/lib/python3.12/site-packages/torch/nn/modules/module.py", line 1541, in _call_impl
    return forward_call(*args, **kwargs)
           ^^^^^^^^^^^^^^^^^^^^^^^^^^^^^
  File "/home/shenshiyu/2024-intern/people/shenshiyu/model_on_boston/model.py", line 338, in forward
    adj = self.token_embedding_table(weighted_adj[:, :, :, 0].int())+ self.adj_embed(weighted_adj[:, :, :, 1].unsqueeze(-1)) + self.geolocation_embedding
                                     ~~~~~~~~~~~~^^^^^^^^^^^^
IndexError: too many indices for tensor of dimension 1
